<?xml version="1.0" encoding="UTF-8"?>
<testsuite xmlns:xsi="http://www.w3.org/2001/XMLSchema-instance" xsi:noNamespaceSchemaLocation="https://maven.apache.org/surefire/maven-surefire-plugin/xsd/surefire-test-report-3.0.xsd" version="3.0" name="com.mehak.validationengine.SaveProfileControllerTest" time="1.53" tests="2" errors="0" skipped="0" failures="0">
  <properties>
[...]
</properties>
  <testcase name="shouldSaveValidProfile" classname="com.mehak.validationengine.SaveProfileControllerTest" time="0.307">
    <system-out><![CDATA[Standard Commons Logging discovery in action with spring-jcl: please remove commons-logging.jar from classpath in order to avoid potential conflicts
16:25:44.997 [main] INFO org.springframework.test.context.support.AnnotationConfigContextLoaderUtils -- Could not detect default configuration classes for test class [com.mehak.validationengine.SaveProfileControllerTest]: SaveProfileControllerTest does not declare any static, non-private, non-final, nested classes annotated with @Configuration.
16:25:45.028 [main] INFO org.springframework.boot.test.context.SpringBootTestContextBootstrapper -- Found @SpringBootConfiguration com.mehak.validationengine.ValidationEngineApplication for test class com.mehak.validationengine.SaveProfileControllerTest

  .   ____          _            __ _ _
 /\\ / ___'_ __ _ _(_)_ __  __ _ \ \ \ \
( ( )\___ | '_ | '_| | '_ \/ _` | \ \ \ \
 \\/  ___)| |_)| | | | | || (_| |  ) ) ) )
  '  |____| .__|_| |_|_| |_\__, | / / / /
 =========|_|==============|___/=/_/_/_/
 :: Spring Boot ::                (v3.1.1)

2025-06-27T16:25:45.143+05:30  INFO 62092 --- [           main] c.m.v.SaveProfileControllerTest          : Starting SaveProfileControllerTest using Java 17.0.15 with PID 62092 (started by mkat in /Users/mkat/Desktop/validation-engine-poc/backend-java/validation-engine)
2025-06-27T16:25:45.143+05:30  INFO 62092 --- [           main] c.m.v.SaveProfileControllerTest          : No active profile set, falling back to 1 default profile: "default"
2025-06-27T16:25:45.274+05:30  INFO 62092 --- [           main] .s.d.r.c.RepositoryConfigurationDelegate : Bootstrapping Spring Data JPA repositories in DEFAULT mode.
2025-06-27T16:25:45.287+05:30  INFO 62092 --- [           main] .s.d.r.c.RepositoryConfigurationDelegate : Finished Spring Data repository scanning in 9 ms. Found 1 JPA repository interfaces.
2025-06-27T16:25:45.470+05:30  INFO 62092 --- [           main] o.hibernate.jpa.internal.util.LogHelper  : HHH000204: Processing PersistenceUnitInfo [name: default]
2025-06-27T16:25:45.486+05:30  INFO 62092 --- [           main] org.hibernate.Version                    : HHH000412: Hibernate ORM core version 6.2.5.Final
2025-06-27T16:25:45.486+05:30  INFO 62092 --- [           main] org.hibernate.cfg.Environment            : HHH000406: Using bytecode reflection optimizer
2025-06-27T16:25:45.527+05:30  INFO 62092 --- [           main] o.h.b.i.BytecodeProviderInitiator        : HHH000021: Bytecode provider name : bytebuddy
2025-06-27T16:25:45.569+05:30  INFO 62092 --- [           main] o.s.o.j.p.SpringPersistenceUnitInfo      : No LoadTimeWeaver setup: ignoring JPA class transformer
2025-06-27T16:25:45.577+05:30  INFO 62092 --- [           main] com.zaxxer.hikari.HikariDataSource       : HikariPool-1 - Starting...
2025-06-27T16:25:45.633+05:30  INFO 62092 --- [           main] com.zaxxer.hikari.pool.HikariPool        : HikariPool-1 - Added connection conn0: url=jdbc:h2:mem:testdb user=SA
2025-06-27T16:25:45.633+05:30  INFO 62092 --- [           main] com.zaxxer.hikari.HikariDataSource       : HikariPool-1 - Start completed.
2025-06-27T16:25:45.694+05:30  INFO 62092 --- [           main] o.h.b.i.BytecodeProviderInitiator        : HHH000021: Bytecode provider name : bytebuddy
2025-06-27T16:25:45.881+05:30  INFO 62092 --- [           main] o.h.e.t.j.p.i.JtaPlatformInitiator       : HHH000490: Using JtaPlatform implementation: [org.hibernate.engine.transaction.jta.platform.internal.NoJtaPlatform]
Hibernate: 
    create table user_profiles (
        id bigint generated by default as identity,
        age integer not null check (age>=19),
        education varchar(255),
        email varchar(255),
        experience varchar(255),
        first_name varchar(255),
        last_name varchar(255),
        phone varchar(255),
        resume_path varchar(255),
        primary key (id)
    )
2025-06-27T16:25:45.899+05:30  INFO 62092 --- [           main] j.LocalContainerEntityManagerFactoryBean : Initialized JPA EntityManagerFactory for persistence unit 'default'
2025-06-27T16:25:46.043+05:30  WARN 62092 --- [           main] JpaBaseConfiguration$JpaWebConfiguration : spring.jpa.open-in-view is enabled by default. Therefore, database queries may be performed during view rendering. Explicitly configure spring.jpa.open-in-view to disable this warning
2025-06-27T16:25:46.134+05:30  INFO 62092 --- [           main] o.s.b.a.h2.H2ConsoleAutoConfiguration    : H2 console available at '/h2-console'. Database available at 'jdbc:h2:mem:testdb'
2025-06-27T16:25:46.147+05:30  INFO 62092 --- [           main] o.s.b.t.m.w.SpringBootMockServletContext : Initializing Spring TestDispatcherServlet ''
2025-06-27T16:25:46.147+05:30  INFO 62092 --- [           main] o.s.t.web.servlet.TestDispatcherServlet  : Initializing Servlet ''
2025-06-27T16:25:46.147+05:30  INFO 62092 --- [           main] o.s.t.web.servlet.TestDispatcherServlet  : Completed initialization in 0 ms
2025-06-27T16:25:46.154+05:30  INFO 62092 --- [           main] c.m.v.SaveProfileControllerTest          : Started SaveProfileControllerTest in 1.089 seconds (process running for 1.38)
Hibernate: 
    insert 
    into
        user_profiles
        (age,education,email,experience,first_name,last_name,phone,resume_path,id) 
    values
        (?,?,?,?,?,?,?,?,default)
]]></system-out>
  </testcase>
  <testcase name="shouldRejectInvalidProfileDueToEmail" classname="com.mehak.validationengine.SaveProfileControllerTest" time="0.006">
    <system-out><![CDATA[2025-06-27T16:25:46.471+05:30  WARN 62092 --- [           main] .w.s.m.s.DefaultHandlerExceptionResolver : Resolved [org.springframework.web.bind.MethodArgumentNotValidException: Validation failed for argument [0] in public org.springframework.http.ResponseEntity<?> com.mehak.validationengine.controller.SaveProfileController.saveProfile(com.mehak.validationengine.model.UserProfile): [Field error in object 'userProfile' on field 'email': rejected value [invalid-email]; codes [Email.userProfile.email,Email.email,Email.java.lang.String,Email]; arguments [org.springframework.context.support.DefaultMessageSourceResolvable: codes [userProfile.email,email]; arguments []; default message [email],[Ljakarta.validation.constraints.Pattern$Flag;@6f2b608e,.*]; default message [Email should be valid]] ]
]]></system-out>
  </testcase>
</testsuite>